{"message":"title is required","level":"error"}
{"message":"title is required","level":"error"}
{"message":"title is required","level":"error"}
{"message":"title is required","level":"error"}
{"message":"title is required","level":"error"}
{"message":"title is required","level":"error"}
{"message":"title is required","level":"error"}
{"message":"title is required","level":"error"}
{"message":"title is required","level":"error"}
{"message":"title is required","level":"error"}
{"message":"title is required","level":"error"}
{"message":"title is required","level":"error"}
{"message":"title is required","level":"error"}
{"message":"title is required","level":"error"}
{"message":"title is required","level":"error"}
{"message":"title is required","level":"error"}
{"message":"folder is required","level":"error"}
{"message":"folder is required","level":"error"}
{"message":"folder is required","level":"error"}
{"message":"folder is required","level":"error"}
{"message":"folder is required","level":"error"}
{"message":"folder is required","level":"error"}
{"message":"title is required","level":"error"}
{"message":"folder is required","level":"error"}
{"message":"folder is required","level":"error"}
{"message":"title is required","level":"error"}
{"message":"folder is required","level":"error"}
{"message":"folder is required","level":"error"}
{"message":"folder is required","level":"error"}
{"message":"note created","level":"info"}
{"message":"title is required","level":"error"}
{"message":"title is required","level":"error"}
{"message":"title is required","level":"error"}
{"message":"folder created","level":"info"}
{"message":"folder created","level":"info"}
{"message":"url required","level":"error"}
{"message":"note created","level":"info"}
{"message":"note created","level":"info"}
{"message":"note created","level":"info"}
{"message":"title is required","level":"error"}
{"message":"title is required","level":"error"}
{"message":"title is required","level":"error"}
{"message":"title is required","level":"error"}
{"message":"title is required","level":"error"}
{"message":"title is required","level":"error"}
{"message":"folder created","level":"info"}
{"message":"folder created","level":"info"}
{"message":"title is required","level":"error"}
{"message":"folder is required","level":"error"}
{"message":"folder is required","level":"error"}
{"message":"folder is required","level":"error"}
{"message":"folder is required","level":"error"}
{"message":"folder is required","level":"error"}
{"message":"folder is required","level":"error"}
{"message":"folder is required","level":"error"}
{"message":"folder is required","level":"error"}
{"message":"note created","level":"info"}
{"message":"note created","level":"info"}
{"message":"note created","level":"info"}
{"message":"note created","level":"info"}
{"message":"note created","level":"info"}
{"message":"note created","level":"info"}
{"message":"note created","level":"info"}
{"message":"note created","level":"info"}
{"message":"note created","level":"info"}
{"message":"title is required","level":"error"}
{"message":"title is required","level":"error"}
{"message":"title is required","level":"error"}
{"message":"title is required","level":"error"}
{"message":"folder created","level":"info"}
{"message":"folder created","level":"info"}
{"message":"note created","level":"info"}
{"message":"note created","level":"info"}
{"message":"folder created","level":"info"}
{"message":"folder created","level":"info"}
{"message":"note created","level":"info"}
{"message":"folder created","level":"info"}
{"message":"folder created","level":"info"}
{"message":"title is required","level":"error"}
{"message":"title is required","level":"error"}
{"message":"title is required","level":"error"}
{"message":"folder created","level":"info"}
{"message":"note created","level":"info"}
{"message":"note created","level":"info"}
{"message":"folder created","level":"info"}
{"message":"note created","level":"info"}
{"message":"folder created","level":"info"}
{"message":"note created","level":"info"}
{"message":"note created","level":"info"}
{"message":"note created","level":"info"}
{"message":"note created","level":"info"}
{"message":"note created","level":"info"}
{"message":"note created","level":"info"}
